Using pre-set license
Built from '2020.3/staging' branch; Version is '2020.3.25f1 (9b9180224418) revision 10195328'; Using compiler version '192528614'; Build Type 'Release'
OS: 'Windows 11  (10.0.22000) 64bit Professional' Language: 'en' Physical Memory: 16236 MB
BatchMode: 1, IsHumanControllingUs: 0, StartBugReporterOnCrash: 0, Is64bit: 1, IsPro: 0

COMMAND LINE ARGUMENTS:
C:\Program Files\Unity\Hub\Editor\2020.3.25f1\Editor\Unity.exe
-adb2
-batchMode
-noUpm
-name
AssetImportWorker0
-projectPath
D:/COURSES YEAR 2/COMP 1298 Installation Development Project/Installation Development Project Repo/Installation Development Project
-logFile
Logs/AssetImportWorker0.log
-srvPort
65260
Successfully changed project path to: D:/COURSES YEAR 2/COMP 1298 Installation Development Project/Installation Development Project Repo/Installation Development Project
D:/COURSES YEAR 2/COMP 1298 Installation Development Project/Installation Development Project Repo/Installation Development Project
Using Asset Import Pipeline V2.
Refreshing native plugins compatible for Editor in 29.07 ms, found 2 plugins.
Preloading 0 native plugins for Editor in 0.00 ms.
Initialize engine version: 2020.3.25f1 (9b9180224418)
[Subsystems] Discovering subsystems at path C:/Program Files/Unity/Hub/Editor/2020.3.25f1/Editor/Data/Resources/UnitySubsystems
[Subsystems] Discovering subsystems at path D:/COURSES YEAR 2/COMP 1298 Installation Development Project/Installation Development Project Repo/Installation Development Project/Assets
GfxDevice: creating device client; threaded=0
Direct3D:
    Version:  Direct3D 11.0 [level 11.1]
    Renderer: NVIDIA GeForce RTX 3060 Laptop GPU (ID=0x2560)
    Vendor:   
    VRAM:     6023 MB
    Driver:   30.0.15.1165
Initialize mono
Mono path[0] = 'C:/Program Files/Unity/Hub/Editor/2020.3.25f1/Editor/Data/Managed'
Mono path[1] = 'C:/Program Files/Unity/Hub/Editor/2020.3.25f1/Editor/Data/MonoBleedingEdge/lib/mono/unityjit'
Mono config path = 'C:/Program Files/Unity/Hub/Editor/2020.3.25f1/Editor/Data/MonoBleedingEdge/etc'
Using monoOptions --debugger-agent=transport=dt_socket,embedding=1,server=y,suspend=n,address=127.0.0.1:56504
Begin MonoManager ReloadAssembly
Registering precompiled unity dll's ...
Register platform support module: C:/Program Files/Unity/Hub/Editor/2020.3.25f1/Editor/Data/PlaybackEngines/WebGLSupport/UnityEditor.WebGL.Extensions.dll
Register platform support module: C:/Program Files/Unity/Hub/Editor/2020.3.25f1/Editor/Data/PlaybackEngines/WindowsStandaloneSupport/UnityEditor.WindowsStandalone.Extensions.dll
Registered in 0.001780 seconds.
Native extension for WindowsStandalone target not found
Native extension for WebGL target not found
Refreshing native plugins compatible for Editor in 26.61 ms, found 2 plugins.
Preloading 0 native plugins for Editor in 0.00 ms.
Mono: successfully reloaded assembly
- Completed reload, in  0.538 seconds
Domain Reload Profiling:
	ReloadAssembly (538ms)
		BeginReloadAssembly (53ms)
			ExecutionOrderSort (0ms)
			DisableScriptedObjects (0ms)
			BackupInstance (0ms)
			ReleaseScriptingObjects (0ms)
			CreateAndSetChildDomain (1ms)
		EndReloadAssembly (416ms)
			LoadAssemblies (52ms)
			RebuildTransferFunctionScriptingTraits (0ms)
			SetupTypeCache (148ms)
			ReleaseScriptCaches (0ms)
			RebuildScriptCaches (26ms)
			SetupLoadedEditorAssemblies (144ms)
				LogAssemblyErrors (0ms)
				InitializePlatformSupportModulesInManaged (6ms)
				SetLoadedEditorAssemblies (0ms)
				RefreshPlugins (27ms)
				BeforeProcessingInitializeOnLoad (15ms)
				ProcessInitializeOnLoadAttributes (72ms)
				ProcessInitializeOnLoadMethodAttributes (24ms)
				AfterProcessingInitializeOnLoad (0ms)
				EditorAssembliesLoaded (0ms)
			ExecutionOrderSort2 (0ms)
			AwakeInstancesAfterBackupRestoration (0ms)
Platform modules already initialized, skipping
Registering precompiled user dll's ...
Registered in 0.003102 seconds.
Begin MonoManager ReloadAssembly
Native extension for WindowsStandalone target not found
Native extension for WebGL target not found
Refreshing native plugins compatible for Editor in 0.35 ms, found 2 plugins.
Preloading 0 native plugins for Editor in 0.00 ms.
Mono: successfully reloaded assembly
- Completed reload, in  0.904 seconds
Domain Reload Profiling:
	ReloadAssembly (905ms)
		BeginReloadAssembly (135ms)
			ExecutionOrderSort (0ms)
			DisableScriptedObjects (5ms)
			BackupInstance (0ms)
			ReleaseScriptingObjects (0ms)
			CreateAndSetChildDomain (23ms)
		EndReloadAssembly (721ms)
			LoadAssemblies (73ms)
			RebuildTransferFunctionScriptingTraits (0ms)
			SetupTypeCache (260ms)
			ReleaseScriptCaches (0ms)
			RebuildScriptCaches (33ms)
			SetupLoadedEditorAssemblies (278ms)
				LogAssemblyErrors (0ms)
				InitializePlatformSupportModulesInManaged (5ms)
				SetLoadedEditorAssemblies (0ms)
				RefreshPlugins (0ms)
				BeforeProcessingInitializeOnLoad (63ms)
				ProcessInitializeOnLoadAttributes (191ms)
				ProcessInitializeOnLoadMethodAttributes (13ms)
				AfterProcessingInitializeOnLoad (6ms)
				EditorAssembliesLoaded (1ms)
			ExecutionOrderSort2 (0ms)
			AwakeInstancesAfterBackupRestoration (8ms)
Platform modules already initialized, skipping
========================================================================
Worker process is ready to serve import requests
Launched and connected shader compiler UnityShaderCompiler.exe after 0.06 seconds
Refreshing native plugins compatible for Editor in 0.37 ms, found 2 plugins.
Preloading 0 native plugins for Editor in 0.00 ms.
Unloading 1500 Unused Serialized files (Serialized files now loaded: 0)
System memory in use before: 69.3 MB.
System memory in use after: 69.3 MB.

Unloading 19 unused Assets to reduce memory usage. Loaded Objects now: 1932.
Total: 3.433400 ms (FindLiveObjects: 0.209600 ms CreateObjectMapping: 0.082600 ms MarkObjects: 3.078800 ms  DeleteObjects: 0.061000 ms)

AssetImportParameters requested are different than current active one (requested -> active):
  custom:framework-win-MediaFoundation: 216162199b28c13a410421893ffa2e32 -> 
  custom:video-decoder-ogg-theora: a1e56fd34408186e4bbccfd4996cb3dc -> 
  custom:container-muxer-webm: aa71ff27fc2769a1b78a27578f13a17b -> 
  custom:container-demuxer-webm: 4f35f7cbe854078d1ac9338744f61a02 -> 
  custom:container-demuxer-ogg: 62fdf1f143b41e24485cea50d1cbac27 -> 
  custom:video-encoder-webm-vp8: eb34c28f22e8b96e1ab97ce403110664 -> 
  custom:video-decoder-webm-vp8: 9c59270c3fd7afecdb556c50c9e8de78 -> 
  custom:audio-decoder-ogg-vorbis: bf7c407c2cedff20999df2af8eb42d56 -> 
  custom:audio-encoder-webm-vorbis: bf7c407c2cedff20999df2af8eb42d56 -> 
========================================================================
Received Import Request.
  path: Assets/New Terrain 1.asset
  artifactKey: Guid(d98f029c7367e1b41b5c286903254a7d) Importer(815301076,1909f56bfc062723c751e8b465ee728b)
Start importing Assets/New Terrain 1.asset using Guid(d98f029c7367e1b41b5c286903254a7d) Importer(815301076,1909f56bfc062723c751e8b465ee728b)  -> (artifact id: 'd02ae6d4b053ab9d029f824c7896bf71') in 0.049408 seconds 
  Import took 0.052871 seconds .

========================================================================
Received Import Request.
  Time since last request: 0.000302 seconds.
  path: Assets/New Terrain.asset
  artifactKey: Guid(47c0dd9fa52cc764b8653024e52ab89a) Importer(815301076,1909f56bfc062723c751e8b465ee728b)
Start importing Assets/New Terrain.asset using Guid(47c0dd9fa52cc764b8653024e52ab89a) Importer(815301076,1909f56bfc062723c751e8b465ee728b) The tree Tree1 must use the Nature/Soft Occlusion shader. Otherwise billboarding/lighting will not work correctly.
The tree Tree2 must use the Nature/Soft Occlusion shader. Otherwise billboarding/lighting will not work correctly.
The tree Tree3 must use the Nature/Soft Occlusion shader. Otherwise billboarding/lighting will not work correctly.
 -> (artifact id: '90e04a0d8db3e7401205517e716d8810') in 0.073371 seconds 
  Import took 0.076544 seconds .

========================================================================
Received Import Request.
  Time since last request: 65.411923 seconds.
  path: Assets/Materials/TestGround.mat
  artifactKey: Guid(7972b1acedf9bbc4f8ee22b8c5dd2061) Importer(815301076,1909f56bfc062723c751e8b465ee728b)
Start importing Assets/Materials/TestGround.mat using Guid(7972b1acedf9bbc4f8ee22b8c5dd2061) Importer(815301076,1909f56bfc062723c751e8b465ee728b)  -> (artifact id: 'aa1e1e8edfada4b50c82fa8ec22282ab') in 0.136222 seconds 
  Import took 0.138825 seconds .

========================================================================
Received Import Request.
  Time since last request: 1.785922 seconds.
  path: Assets/Materials/Tree/Bark_Pine_001_COLOR.jpg
  artifactKey: Guid(25e21f79029ece640994e6f41ec76d75) Importer(815301076,1909f56bfc062723c751e8b465ee728b)
Start importing Assets/Materials/Tree/Bark_Pine_001_COLOR.jpg using Guid(25e21f79029ece640994e6f41ec76d75) Importer(815301076,1909f56bfc062723c751e8b465ee728b)  -> (artifact id: 'd9f557367491d674e1ebeb3190aeed87') in 0.019679 seconds 
  Import took 0.022244 seconds .

========================================================================
Received Import Request.
  Time since last request: 0.000241 seconds.
  path: Assets/Materials/Tree/Bark_Pine_001_ROUGH.jpg
  artifactKey: Guid(ce011c150bb896f49a82786b5b8fb918) Importer(815301076,1909f56bfc062723c751e8b465ee728b)
Start importing Assets/Materials/Tree/Bark_Pine_001_ROUGH.jpg using Guid(ce011c150bb896f49a82786b5b8fb918) Importer(815301076,1909f56bfc062723c751e8b465ee728b)  -> (artifact id: 'bdba7a2f532505eb9d70d6825fe682cb') in 0.011543 seconds 
  Import took 0.013987 seconds .

========================================================================
Received Import Request.
  Time since last request: 0.000199 seconds.
  path: Assets/Materials/Tree/Bark_Pine_001_NORMa.jpg
  artifactKey: Guid(5a5e36586cf8f3b4388d5d25f6d3de71) Importer(815301076,1909f56bfc062723c751e8b465ee728b)
Start importing Assets/Materials/Tree/Bark_Pine_001_NORMa.jpg using Guid(5a5e36586cf8f3b4388d5d25f6d3de71) Importer(815301076,1909f56bfc062723c751e8b465ee728b)  -> (artifact id: '47cfbb79f80155e40e07b36dd28ff3e0') in 0.022352 seconds 
  Import took 0.024843 seconds .

========================================================================
Received Import Request.
  Time since last request: 0.000191 seconds.
  path: Assets/Materials/Tree/Bark_Pine_001_OCC.jpg
  artifactKey: Guid(926dd37094f507a4b975602ce96c8469) Importer(815301076,1909f56bfc062723c751e8b465ee728b)
Start importing Assets/Materials/Tree/Bark_Pine_001_OCC.jpg using Guid(926dd37094f507a4b975602ce96c8469) Importer(815301076,1909f56bfc062723c751e8b465ee728b)  -> (artifact id: '2fe2bbd15079bc0bde71b082db25e16c') in 0.011573 seconds 
  Import took 0.014503 seconds .

========================================================================
Received Import Request.
  Time since last request: 0.000185 seconds.
  path: Assets/Materials/Tree/Bark_Pine_001_DISP.png
  artifactKey: Guid(b323d7b2ba394224f97ec7d1a6180790) Importer(815301076,1909f56bfc062723c751e8b465ee728b)
Start importing Assets/Materials/Tree/Bark_Pine_001_DISP.png using Guid(b323d7b2ba394224f97ec7d1a6180790) Importer(815301076,1909f56bfc062723c751e8b465ee728b)  -> (artifact id: '2c058ef93972c400f5ad91c1f2328ed3') in 0.013936 seconds 
  Import took 0.016587 seconds .

========================================================================
Received Import Request.
  Time since last request: 4.752986 seconds.
  path: Assets/Materials/Ground/Ground_Forest_002_ambientOcclusion.jpg
  artifactKey: Guid(3417ae0f9aa13264a81402d0ac233939) Importer(815301076,1909f56bfc062723c751e8b465ee728b)
Start importing Assets/Materials/Ground/Ground_Forest_002_ambientOcclusion.jpg using Guid(3417ae0f9aa13264a81402d0ac233939) Importer(815301076,1909f56bfc062723c751e8b465ee728b)  -> (artifact id: 'e37b836451688a7c158af22f5b0ca58c') in 0.013030 seconds 
  Import took 0.015685 seconds .

========================================================================
Received Import Request.
  Time since last request: 0.000197 seconds.
  path: Assets/Materials/Ground/Ground_Forest_002_normal.jpg
  artifactKey: Guid(4eed7dd0bff2e534f8d8e962d09b4692) Importer(815301076,1909f56bfc062723c751e8b465ee728b)
Start importing Assets/Materials/Ground/Ground_Forest_002_normal.jpg using Guid(4eed7dd0bff2e534f8d8e962d09b4692) Importer(815301076,1909f56bfc062723c751e8b465ee728b)  -> (artifact id: 'f03b415d96ec987bc2cfbd04024e39fe') in 0.015482 seconds 
  Import took 0.017831 seconds .

========================================================================
Received Import Request.
  Time since last request: 0.000164 seconds.
  path: Assets/Materials/Ground/GroundLayer.terrainlayer
  artifactKey: Guid(19a5e231a36c44c4494a4394f9f92aaa) Importer(815301076,1909f56bfc062723c751e8b465ee728b)
Start importing Assets/Materials/Ground/GroundLayer.terrainlayer using Guid(19a5e231a36c44c4494a4394f9f92aaa) Importer(815301076,1909f56bfc062723c751e8b465ee728b)  -> (artifact id: 'd31c4cbeef42a54922a6cf3ddf8d710b') in 0.019792 seconds 
  Import took 0.022441 seconds .

========================================================================
Received Import Request.
  Time since last request: 0.000188 seconds.
  path: Assets/Materials/Ground/Ground_Forest_002_roughness.jpg
  artifactKey: Guid(bb90550067692b2428fd7651332f9f1d) Importer(815301076,1909f56bfc062723c751e8b465ee728b)
Start importing Assets/Materials/Ground/Ground_Forest_002_roughness.jpg using Guid(bb90550067692b2428fd7651332f9f1d) Importer(815301076,1909f56bfc062723c751e8b465ee728b)  -> (artifact id: 'ba4c0dfb891435abc9ba1aae5e7eb056') in 0.016129 seconds 
  Import took 0.018666 seconds .

========================================================================
Received Import Request.
  Time since last request: 0.000239 seconds.
  path: Assets/Materials/Ground/Ground_Forest_002_baseColor.jpg
  artifactKey: Guid(70653b76d2648fb4fa162b2148581f26) Importer(815301076,1909f56bfc062723c751e8b465ee728b)
Start importing Assets/Materials/Ground/Ground_Forest_002_baseColor.jpg using Guid(70653b76d2648fb4fa162b2148581f26) Importer(815301076,1909f56bfc062723c751e8b465ee728b)  -> (artifact id: 'ec7d7720c3b7006d7188d0b48166c581') in 0.012251 seconds 
  Import took 0.015148 seconds .

========================================================================
Received Import Request.
  Time since last request: 0.000209 seconds.
  path: Assets/Materials/Ground/Ground_Forest_002_height.png
  artifactKey: Guid(368417cfb4c6efa40a8937628a3d72f8) Importer(815301076,1909f56bfc062723c751e8b465ee728b)
Start importing Assets/Materials/Ground/Ground_Forest_002_height.png using Guid(368417cfb4c6efa40a8937628a3d72f8) Importer(815301076,1909f56bfc062723c751e8b465ee728b)  -> (artifact id: '62911337af37b4e0f45b8cbe5c17da0b') in 0.013956 seconds 
  Import took 0.016467 seconds .

========================================================================
Received Import Request.
  Time since last request: 614.435971 seconds.
  path: Assets/3D Models/Clown.fbx
  artifactKey: Guid(60922131e15978741b35b23f9123b46b) Importer(815301076,1909f56bfc062723c751e8b465ee728b)
Start importing Assets/3D Models/Clown.fbx using Guid(60922131e15978741b35b23f9123b46b) Importer(815301076,1909f56bfc062723c751e8b465ee728b)  -> (artifact id: '215f2bac033dd1c5e5b55e345883a754') in 0.061119 seconds 
  Import took 0.065569 seconds .

========================================================================
Received Import Request.
  Time since last request: 0.000340 seconds.
  path: Assets/3D Models/Flashight3.fbx
  artifactKey: Guid(d788e6d04b6f5734e86afdaa4daefe8f) Importer(815301076,1909f56bfc062723c751e8b465ee728b)
Start importing Assets/3D Models/Flashight3.fbx using Guid(d788e6d04b6f5734e86afdaa4daefe8f) Importer(815301076,1909f56bfc062723c751e8b465ee728b)  -> (artifact id: 'da4b2e6a0f36ecce4ff627d9e52f254a') in 0.039124 seconds 
  Import took 0.042539 seconds .

========================================================================
Received Import Request.
  Time since last request: 0.000201 seconds.
  path: Assets/3D Models/whiteclown_n_hallin.fbx
  artifactKey: Guid(26f301c5101baec4ab531ca24501edc3) Importer(815301076,1909f56bfc062723c751e8b465ee728b)
Start importing Assets/3D Models/whiteclown_n_hallin.fbx using Guid(26f301c5101baec4ab531ca24501edc3) Importer(815301076,1909f56bfc062723c751e8b465ee728b)  -> (artifact id: 'e07c6440e15e8a90cdecf3a8aad79fc7') in 0.148573 seconds 
  Import took 0.151296 seconds .

========================================================================
Received Import Request.
  Time since last request: 0.000219 seconds.
  path: Assets/3D Models/FlashLight3SizeUp.fbx
  artifactKey: Guid(c22260200ffe5654693e38f7f841586d) Importer(815301076,1909f56bfc062723c751e8b465ee728b)
Start importing Assets/3D Models/FlashLight3SizeUp.fbx using Guid(c22260200ffe5654693e38f7f841586d) Importer(815301076,1909f56bfc062723c751e8b465ee728b)  -> (artifact id: '5073fe1b658da51029728ae5a741b45e') in 0.027630 seconds 
  Import took 0.030227 seconds .

========================================================================
Received Import Request.
  Time since last request: 0.000186 seconds.
  path: Assets/3D Models/whiteclown_n_hallin@T-Pose.fbx
  artifactKey: Guid(2f6ac82b557c5344f9f881fe4b6c9b69) Importer(815301076,1909f56bfc062723c751e8b465ee728b)
Start importing Assets/3D Models/whiteclown_n_hallin@T-Pose.fbx using Guid(2f6ac82b557c5344f9f881fe4b6c9b69) Importer(815301076,1909f56bfc062723c751e8b465ee728b)  -> (artifact id: '06450ebd2170ea3156359e87617829d2') in 0.029439 seconds 
  Import took 0.032201 seconds .

========================================================================
Received Import Request.
  Time since last request: 22.077290 seconds.
  path: Assets/3D Models/Flashlight.fbx
  artifactKey: Guid(f04273404b7dee14990121a9454deab5) Importer(815301076,1909f56bfc062723c751e8b465ee728b)
Start importing Assets/3D Models/Flashlight.fbx using Guid(f04273404b7dee14990121a9454deab5) Importer(815301076,1909f56bfc062723c751e8b465ee728b)  -> (artifact id: '6e501467746e65af6836c8c3cabd62a4') in 0.201750 seconds 
  Import took 0.204403 seconds .

========================================================================
Received Import Request.
  Time since last request: 291.194805 seconds.
  path: Assets/Animation
  artifactKey: Guid(7e9a1afaf5ec18f4b864bb82409cf603) Importer(815301076,1909f56bfc062723c751e8b465ee728b)
Start importing Assets/Animation using Guid(7e9a1afaf5ec18f4b864bb82409cf603) Importer(815301076,1909f56bfc062723c751e8b465ee728b)  -> (artifact id: '4952a3f298761114760ea6f159c1ebe7') in 0.008924 seconds 
  Import took 0.012445 seconds .

========================================================================
Received Import Request.
  Time since last request: 0.046853 seconds.
  path: Assets/Animation/ClownRun.fbx
  artifactKey: Guid(cf2014fc7ea3dbb4ba595d2d39789619) Importer(815301076,1909f56bfc062723c751e8b465ee728b)
Start importing Assets/Animation/ClownRun.fbx using Guid(cf2014fc7ea3dbb4ba595d2d39789619) Importer(815301076,1909f56bfc062723c751e8b465ee728b)  -> (artifact id: '17325667486df5c0cffd9c6f3df1335b') in 0.044648 seconds 
  Import took 0.047823 seconds .

========================================================================
Received Import Request.
  Time since last request: 3.699936 seconds.
  path: Assets/Animation/ClownController.controller
  artifactKey: Guid(7e790443f36593b42bc5c6d80c8275d7) Importer(815301076,1909f56bfc062723c751e8b465ee728b)
Start importing Assets/Animation/ClownController.controller using Guid(7e790443f36593b42bc5c6d80c8275d7) Importer(815301076,1909f56bfc062723c751e8b465ee728b)  -> (artifact id: '465563ce39675d65efb2dfbcff1a0116') in 0.008634 seconds 
  Import took 0.011180 seconds .

========================================================================
Received Import Request.
  Time since last request: 43.136594 seconds.
  path: Assets/3D Models
  artifactKey: Guid(46583e72815d57843ad64e7fa88247a6) Importer(815301076,1909f56bfc062723c751e8b465ee728b)
Start importing Assets/3D Models using Guid(46583e72815d57843ad64e7fa88247a6) Importer(815301076,1909f56bfc062723c751e8b465ee728b)  -> (artifact id: '34c3c7d44e3b7f83804e9ca0713945c5') in 0.031000 seconds 
  Import took 0.033719 seconds .

========================================================================
Received Import Request.
  Time since last request: 10.083623 seconds.
  path: Assets/3D Models/whiteclown_n_hallin.fbx
  artifactKey: Guid(26f301c5101baec4ab531ca24501edc3) Importer(815301076,1909f56bfc062723c751e8b465ee728b)
Start importing Assets/3D Models/whiteclown_n_hallin.fbx using Guid(26f301c5101baec4ab531ca24501edc3) Importer(815301076,1909f56bfc062723c751e8b465ee728b)  -> (artifact id: 'b5de5892552be84032ec2da54142c65b') in 0.057989 seconds 
  Import took 0.060998 seconds .

========================================================================
Received Import Request.
  Time since last request: 13.295457 seconds.
  path: Assets/Animation/ClownRun.fbx
  artifactKey: Guid(cf2014fc7ea3dbb4ba595d2d39789619) Importer(815301076,1909f56bfc062723c751e8b465ee728b)
Start importing Assets/Animation/ClownRun.fbx using Guid(cf2014fc7ea3dbb4ba595d2d39789619) Importer(815301076,1909f56bfc062723c751e8b465ee728b)  -> (artifact id: 'c40c16ff91b0e31923562ecb78e66fd2') in 0.008086 seconds 
  Import took 0.011140 seconds .

========================================================================
Received Import Request.
  Time since last request: 75.801148 seconds.
  path: Assets/3D Models/RecordPlayer.fbx
  artifactKey: Guid(16d4226e4d1cf4c4fa01ec321a9eab19) Importer(815301076,1909f56bfc062723c751e8b465ee728b)
Start importing Assets/3D Models/RecordPlayer.fbx using Guid(16d4226e4d1cf4c4fa01ec321a9eab19) Importer(815301076,1909f56bfc062723c751e8b465ee728b)  -> (artifact id: 'aaf5c72a52d40c3b7c13cf858eb9881a') in 0.171905 seconds 
  Import took 0.175214 seconds .

========================================================================
Received Prepare
Registering precompiled user dll's ...
Registered in 0.003063 seconds.
Begin MonoManager ReloadAssembly
Native extension for WindowsStandalone target not found
Native extension for WebGL target not found
Refreshing native plugins compatible for Editor in 0.37 ms, found 2 plugins.
Preloading 0 native plugins for Editor in 0.00 ms.
Mono: successfully reloaded assembly
- Completed reload, in  0.861 seconds
Domain Reload Profiling:
	ReloadAssembly (862ms)
		BeginReloadAssembly (99ms)
			ExecutionOrderSort (0ms)
			DisableScriptedObjects (3ms)
			BackupInstance (0ms)
			ReleaseScriptingObjects (0ms)
			CreateAndSetChildDomain (33ms)
		EndReloadAssembly (714ms)
			LoadAssemblies (76ms)
			RebuildTransferFunctionScriptingTraits (0ms)
			SetupTypeCache (244ms)
			ReleaseScriptCaches (1ms)
			RebuildScriptCaches (50ms)
			SetupLoadedEditorAssemblies (252ms)
				LogAssemblyErrors (0ms)
				InitializePlatformSupportModulesInManaged (5ms)
				SetLoadedEditorAssemblies (0ms)
				RefreshPlugins (0ms)
				BeforeProcessingInitializeOnLoad (63ms)
				ProcessInitializeOnLoadAttributes (171ms)
				ProcessInitializeOnLoadMethodAttributes (8ms)
				AfterProcessingInitializeOnLoad (3ms)
				EditorAssembliesLoaded (0ms)
			ExecutionOrderSort2 (0ms)
			AwakeInstancesAfterBackupRestoration (6ms)
Platform modules already initialized, skipping
Refreshing native plugins compatible for Editor in 0.39 ms, found 2 plugins.
Preloading 0 native plugins for Editor in 0.00 ms.
Unloading 1494 Unused Serialized files (Serialized files now loaded: 0)
System memory in use before: 87.3 MB.
System memory in use after: 86.9 MB.

Unloading 16 unused Assets to reduce memory usage. Loaded Objects now: 1984.
Total: 3.026400 ms (FindLiveObjects: 0.198800 ms CreateObjectMapping: 0.083200 ms MarkObjects: 2.450400 ms  DeleteObjects: 0.292700 ms)

AssetImportParameters requested are different than current active one (requested -> active):
  custom:framework-win-MediaFoundation: 216162199b28c13a410421893ffa2e32 -> 
  custom:video-decoder-ogg-theora: a1e56fd34408186e4bbccfd4996cb3dc -> 
  custom:container-muxer-webm: aa71ff27fc2769a1b78a27578f13a17b -> 
  custom:container-demuxer-webm: 4f35f7cbe854078d1ac9338744f61a02 -> 
  custom:container-demuxer-ogg: 62fdf1f143b41e24485cea50d1cbac27 -> 
  custom:video-encoder-webm-vp8: eb34c28f22e8b96e1ab97ce403110664 -> 
  custom:video-decoder-webm-vp8: 9c59270c3fd7afecdb556c50c9e8de78 -> 
  custom:audio-decoder-ogg-vorbis: bf7c407c2cedff20999df2af8eb42d56 -> 
  custom:audio-encoder-webm-vorbis: bf7c407c2cedff20999df2af8eb42d56 -> 
========================================================================
Received Import Request.
  Time since last request: 108.602049 seconds.
  path: Assets/3D Models/FlashlightTransp.fbx
  artifactKey: Guid(f04273404b7dee14990121a9454deab5) Importer(815301076,1909f56bfc062723c751e8b465ee728b)
Start importing Assets/3D Models/FlashlightTransp.fbx using Guid(f04273404b7dee14990121a9454deab5) Importer(815301076,1909f56bfc062723c751e8b465ee728b)  -> (artifact id: 'f07d281764598ec894e0a2a7e78895e6') in 0.119225 seconds 
  Import took 0.122379 seconds .

========================================================================
Received Import Request.
  Time since last request: 47.594896 seconds.
  path: Assets/3D Models/Flashlight.fbx
  artifactKey: Guid(ea5a570734239284f937834101a23f78) Importer(815301076,1909f56bfc062723c751e8b465ee728b)
Start importing Assets/3D Models/Flashlight.fbx using Guid(ea5a570734239284f937834101a23f78) Importer(815301076,1909f56bfc062723c751e8b465ee728b)  -> (artifact id: '06abc6e3920a46e8cdba42f1b18d8519') in 0.043638 seconds 
  Import took 0.046372 seconds .

========================================================================
Received Import Request.
  Time since last request: 153.874867 seconds.
  path: Assets/3D Models/Materials
  artifactKey: Guid(1420ce86d7d9362459e2a047e8b454fd) Importer(815301076,1909f56bfc062723c751e8b465ee728b)
Start importing Assets/3D Models/Materials using Guid(1420ce86d7d9362459e2a047e8b454fd) Importer(815301076,1909f56bfc062723c751e8b465ee728b)  -> (artifact id: '830d055609f7cd9e04d28ea250eba814') in 0.030956 seconds 
  Import took 0.033691 seconds .

========================================================================
Received Import Request.
  Time since last request: 0.652685 seconds.
  path: Assets/3D Models/Materials/whiteclown_alpha.png
  artifactKey: Guid(2098ae78d4d2691448f999dc27fc2085) Importer(815301076,1909f56bfc062723c751e8b465ee728b)
Start importing Assets/3D Models/Materials/whiteclown_alpha.png using Guid(2098ae78d4d2691448f999dc27fc2085) Importer(815301076,1909f56bfc062723c751e8b465ee728b)  -> (artifact id: '6b1f0ea92081c26bf47559106c7ada01') in 0.016872 seconds 
  Import took 0.019578 seconds .

========================================================================
Received Import Request.
  Time since last request: 0.000233 seconds.
  path: Assets/3D Models/Materials/whiteclown_normal.png
  artifactKey: Guid(3a17feea3be71ef46bc8b1d122dd0db2) Importer(815301076,1909f56bfc062723c751e8b465ee728b)
Start importing Assets/3D Models/Materials/whiteclown_normal.png using Guid(3a17feea3be71ef46bc8b1d122dd0db2) Importer(815301076,1909f56bfc062723c751e8b465ee728b)  -> (artifact id: 'c8f245cbd42afbc2b4301dc489205d35') in 0.013038 seconds 
  Import took 0.015451 seconds .

========================================================================
Received Import Request.
  Time since last request: 0.000168 seconds.
  path: Assets/3D Models/Materials/whiteclown_diffuse.png
  artifactKey: Guid(c7d9c83b72fe36c408fa5d3ec8f0de71) Importer(815301076,1909f56bfc062723c751e8b465ee728b)
Start importing Assets/3D Models/Materials/whiteclown_diffuse.png using Guid(c7d9c83b72fe36c408fa5d3ec8f0de71) Importer(815301076,1909f56bfc062723c751e8b465ee728b)  -> (artifact id: 'c79eea38195712df5104e4011db4ba43') in 0.013708 seconds 
  Import took 0.016354 seconds .

========================================================================
Received Import Request.
  Time since last request: 0.000186 seconds.
  path: Assets/3D Models/Materials/whiteclown_specular.png
  artifactKey: Guid(da7583492c885a54882cd8e26fea2ea7) Importer(815301076,1909f56bfc062723c751e8b465ee728b)
Start importing Assets/3D Models/Materials/whiteclown_specular.png using Guid(da7583492c885a54882cd8e26fea2ea7) Importer(815301076,1909f56bfc062723c751e8b465ee728b)  -> (artifact id: 'cd3702463e9f8b9c33e2b2ea774acae6') in 0.013493 seconds 
  Import took 0.015969 seconds .

========================================================================
Received Import Request.
  Time since last request: 0.000217 seconds.
  path: Assets/3D Models/Materials/WhiteClown_material.mat
  artifactKey: Guid(803d3bbabc2766849bf806f369b192fe) Importer(815301076,1909f56bfc062723c751e8b465ee728b)
Start importing Assets/3D Models/Materials/WhiteClown_material.mat using Guid(803d3bbabc2766849bf806f369b192fe) Importer(815301076,1909f56bfc062723c751e8b465ee728b)  -> (artifact id: 'a1a6d4b702199c699f0a5044b976e900') in 0.023398 seconds 
  Import took 0.025981 seconds .

========================================================================
Received Import Request.
  Time since last request: 0.000223 seconds.
  path: Assets/3D Models/Materials/whiteclown_diffuse.mat
  artifactKey: Guid(ffac0f568f1011a41bb87705e51e94d1) Importer(815301076,1909f56bfc062723c751e8b465ee728b)
Start importing Assets/3D Models/Materials/whiteclown_diffuse.mat using Guid(ffac0f568f1011a41bb87705e51e94d1) Importer(815301076,1909f56bfc062723c751e8b465ee728b)  -> (artifact id: '74b3d8d835d246f47eac1e117afb667a') in 0.016355 seconds 
  Import took 0.019106 seconds .

========================================================================
Received Import Request.
  Time since last request: 0.000202 seconds.
  path: Assets/3D Models/Materials/whiteclown_n_hallin@T-Pose-WhiteClown_material.mat
  artifactKey: Guid(66346f6f3c2d9b54bae63591fb4a6b71) Importer(815301076,1909f56bfc062723c751e8b465ee728b)
Start importing Assets/3D Models/Materials/whiteclown_n_hallin@T-Pose-WhiteClown_material.mat using Guid(66346f6f3c2d9b54bae63591fb4a6b71) Importer(815301076,1909f56bfc062723c751e8b465ee728b)  -> (artifact id: '4ad34399bd03577382da45bf7eb5311d') in 0.019652 seconds 
  Import took 0.022757 seconds .

========================================================================
Received Import Request.
  Time since last request: 0.000234 seconds.
  path: Assets/3D Models/Materials/WhiteClown_material 1.mat
  artifactKey: Guid(b9594413e7d9b984eb827a788633dbe4) Importer(815301076,1909f56bfc062723c751e8b465ee728b)
Start importing Assets/3D Models/Materials/WhiteClown_material 1.mat using Guid(b9594413e7d9b984eb827a788633dbe4) Importer(815301076,1909f56bfc062723c751e8b465ee728b)  -> (artifact id: 'f7f95af0264b1e4b6c28369a66de4263') in 0.013199 seconds 
  Import took 0.015937 seconds .

========================================================================
Received Import Request.
  Time since last request: 4.555570 seconds.
  path: Assets/Materials
  artifactKey: Guid(509c781cc0b064e4d8dc118953050af5) Importer(815301076,1909f56bfc062723c751e8b465ee728b)
Start importing Assets/Materials using Guid(509c781cc0b064e4d8dc118953050af5) Importer(815301076,1909f56bfc062723c751e8b465ee728b)  -> (artifact id: '7f92e5494842c31ca8c2b1b5816d59d3') in 0.006475 seconds 
  Import took 0.009430 seconds .

========================================================================
Received Import Request.
  Time since last request: 8.772898 seconds.
  path: Assets/Materials/LightCone.mat
  artifactKey: Guid(bd0677632a3fe2549bdf56f0e09b438f) Importer(815301076,1909f56bfc062723c751e8b465ee728b)
Start importing Assets/Materials/LightCone.mat using Guid(bd0677632a3fe2549bdf56f0e09b438f) Importer(815301076,1909f56bfc062723c751e8b465ee728b)  -> (artifact id: 'c3769b78eb01aa65ff7dac9406152f07') in 0.015343 seconds 
  Import took 0.018222 seconds .

========================================================================
Received Import Request.
  Time since last request: 154.125005 seconds.
  path: Assets/Materials/LightCone.mat
  artifactKey: Guid(bd0677632a3fe2549bdf56f0e09b438f) Importer(815301076,1909f56bfc062723c751e8b465ee728b)
Start importing Assets/Materials/LightCone.mat using Guid(bd0677632a3fe2549bdf56f0e09b438f) Importer(815301076,1909f56bfc062723c751e8b465ee728b)  -> (artifact id: 'e9648fb7322fca74b69ceecfe77ea1ae') in 0.014398 seconds 
  Import took 0.018006 seconds .

========================================================================
Received Import Request.
  Time since last request: 215.419306 seconds.
  path: Assets/3D Models/Trees
  artifactKey: Guid(50e83ff20f8d929428867bcbdbd1c631) Importer(815301076,1909f56bfc062723c751e8b465ee728b)
Start importing Assets/3D Models/Trees using Guid(50e83ff20f8d929428867bcbdbd1c631) Importer(815301076,1909f56bfc062723c751e8b465ee728b)  -> (artifact id: '49bdeb7e5ce377dea4bf8ed710fb8da2') in 0.030847 seconds 
  Import took 0.033629 seconds .

========================================================================
Received Import Request.
  Time since last request: 1.247549 seconds.
  path: Assets/3D Models/Trees/With texture
  artifactKey: Guid(95d17af30bce3f346b4c4460661de9ce) Importer(815301076,1909f56bfc062723c751e8b465ee728b)
Start importing Assets/3D Models/Trees/With texture using Guid(95d17af30bce3f346b4c4460661de9ce) Importer(815301076,1909f56bfc062723c751e8b465ee728b)  -> (artifact id: '0eb5c418d6bffc1628f88ddc20a7d664') in 0.006203 seconds 
  Import took 0.008821 seconds .

========================================================================
Received Import Request.
  Time since last request: 0.052176 seconds.
  path: Assets/3D Models/Trees/With texture/TreeTwo 1.fbx
  artifactKey: Guid(f0f3276ce3ce71c47aafbd73edf82320) Importer(815301076,1909f56bfc062723c751e8b465ee728b)
Start importing Assets/3D Models/Trees/With texture/TreeTwo 1.fbx using Guid(f0f3276ce3ce71c47aafbd73edf82320) Importer(815301076,1909f56bfc062723c751e8b465ee728b)  -> (artifact id: 'fc77aad7b2dda01fc18f2efe9040bd77') in 0.191354 seconds 
  Import took 0.194033 seconds .

========================================================================
Received Import Request.
  Time since last request: 4.986468 seconds.
  path: Assets/3D Models/Trees/TreePrefabs
  artifactKey: Guid(36b0556f4039cfa489884e8e4c31c90e) Importer(815301076,1909f56bfc062723c751e8b465ee728b)
Start importing Assets/3D Models/Trees/TreePrefabs using Guid(36b0556f4039cfa489884e8e4c31c90e) Importer(815301076,1909f56bfc062723c751e8b465ee728b)  -> (artifact id: 'ec3d1ff7bb6b06bb96a9c82a7f790241') in 0.017548 seconds 
  Import took 0.021072 seconds .

========================================================================
Received Import Request.
  Time since last request: 0.039313 seconds.
  path: Assets/3D Models/Trees/TreePrefabs/Tree1.prefab
  artifactKey: Guid(d9262d7e0f9959544af6a897d70a3d6d) Importer(815301076,1909f56bfc062723c751e8b465ee728b)
Start importing Assets/3D Models/Trees/TreePrefabs/Tree1.prefab using Guid(d9262d7e0f9959544af6a897d70a3d6d) Importer(815301076,1909f56bfc062723c751e8b465ee728b)  -> (artifact id: '143640c39b8634f73caa0d42f49ba602') in 0.015408 seconds 
  Import took 0.018298 seconds .

========================================================================
Received Import Request.
  Time since last request: 0.000258 seconds.
  path: Assets/3D Models/Trees/TreePrefabs/Tree2.prefab
  artifactKey: Guid(50308099e93a8404097a9c95900cdf8d) Importer(815301076,1909f56bfc062723c751e8b465ee728b)
Start importing Assets/3D Models/Trees/TreePrefabs/Tree2.prefab using Guid(50308099e93a8404097a9c95900cdf8d) Importer(815301076,1909f56bfc062723c751e8b465ee728b)  -> (artifact id: 'fe35b31a94a27f4332ea72c358e8dfca') in 0.015197 seconds 
  Import took 0.018210 seconds .

========================================================================
Received Import Request.
  Time since last request: 0.000191 seconds.
  path: Assets/3D Models/Trees/TreePrefabs/Tree3.prefab
  artifactKey: Guid(74972a7077619fe4cb8df9cd6f385b31) Importer(815301076,1909f56bfc062723c751e8b465ee728b)
Start importing Assets/3D Models/Trees/TreePrefabs/Tree3.prefab using Guid(74972a7077619fe4cb8df9cd6f385b31) Importer(815301076,1909f56bfc062723c751e8b465ee728b)  -> (artifact id: '089c21a2914acedb2956f93be48a3dde') in 0.014638 seconds 
  Import took 0.018033 seconds .

========================================================================
Received Prepare
Registering precompiled user dll's ...
Registered in 0.003236 seconds.
Begin MonoManager ReloadAssembly
Native extension for WindowsStandalone target not found
Native extension for WebGL target not found
Refreshing native plugins compatible for Editor in 0.72 ms, found 2 plugins.
Preloading 0 native plugins for Editor in 0.00 ms.
Mono: successfully reloaded assembly
- Completed reload, in  0.809 seconds
Domain Reload Profiling:
	ReloadAssembly (809ms)
		BeginReloadAssembly (102ms)
			ExecutionOrderSort (0ms)
			DisableScriptedObjects (4ms)
			BackupInstance (0ms)
			ReleaseScriptingObjects (0ms)
			CreateAndSetChildDomain (35ms)
		EndReloadAssembly (657ms)
			LoadAssemblies (72ms)
			RebuildTransferFunctionScriptingTraits (0ms)
			SetupTypeCache (235ms)
			ReleaseScriptCaches (1ms)
			RebuildScriptCaches (31ms)
			SetupLoadedEditorAssemblies (248ms)
				LogAssemblyErrors (0ms)
				InitializePlatformSupportModulesInManaged (5ms)
				SetLoadedEditorAssemblies (0ms)
				RefreshPlugins (1ms)
				BeforeProcessingInitializeOnLoad (62ms)
				ProcessInitializeOnLoadAttributes (169ms)
				ProcessInitializeOnLoadMethodAttributes (7ms)
				AfterProcessingInitializeOnLoad (3ms)
				EditorAssembliesLoaded (0ms)
			ExecutionOrderSort2 (0ms)
			AwakeInstancesAfterBackupRestoration (6ms)
Platform modules already initialized, skipping
Refreshing native plugins compatible for Editor in 0.45 ms, found 2 plugins.
Preloading 0 native plugins for Editor in 0.00 ms.
Unloading 1494 Unused Serialized files (Serialized files now loaded: 0)
System memory in use before: 86.9 MB.
System memory in use after: 87.0 MB.

Unloading 14 unused Assets to reduce memory usage. Loaded Objects now: 1987.
Total: 2.731100 ms (FindLiveObjects: 0.169600 ms CreateObjectMapping: 0.069000 ms MarkObjects: 2.472200 ms  DeleteObjects: 0.018900 ms)

AssetImportParameters requested are different than current active one (requested -> active):
  custom:framework-win-MediaFoundation: 216162199b28c13a410421893ffa2e32 -> 
  custom:video-decoder-ogg-theora: a1e56fd34408186e4bbccfd4996cb3dc -> 
  custom:container-muxer-webm: aa71ff27fc2769a1b78a27578f13a17b -> 
  custom:container-demuxer-webm: 4f35f7cbe854078d1ac9338744f61a02 -> 
  custom:container-demuxer-ogg: 62fdf1f143b41e24485cea50d1cbac27 -> 
  custom:video-encoder-webm-vp8: eb34c28f22e8b96e1ab97ce403110664 -> 
  custom:video-decoder-webm-vp8: 9c59270c3fd7afecdb556c50c9e8de78 -> 
  custom:audio-decoder-ogg-vorbis: bf7c407c2cedff20999df2af8eb42d56 -> 
  custom:audio-encoder-webm-vorbis: bf7c407c2cedff20999df2af8eb42d56 -> 
========================================================================
Received Import Request.
  Time since last request: 741.907052 seconds.
  path: Assets/Animation/ClownRun.fbx
  artifactKey: Guid(cf2014fc7ea3dbb4ba595d2d39789619) Importer(815301076,1909f56bfc062723c751e8b465ee728b)
Start importing Assets/Animation/ClownRun.fbx using Guid(cf2014fc7ea3dbb4ba595d2d39789619) Importer(815301076,1909f56bfc062723c751e8b465ee728b)  -> (artifact id: 'ab2a36f2cb3732af3e44cbe0c145533c') in 0.029030 seconds 
  Import took 0.032419 seconds .

========================================================================
Received Prepare
Registering precompiled user dll's ...
Registered in 0.002978 seconds.
Begin MonoManager ReloadAssembly
Native extension for WindowsStandalone target not found
Native extension for WebGL target not found
Refreshing native plugins compatible for Editor in 0.40 ms, found 2 plugins.
Preloading 0 native plugins for Editor in 0.00 ms.
Mono: successfully reloaded assembly
- Completed reload, in  0.797 seconds
Domain Reload Profiling:
	ReloadAssembly (797ms)
		BeginReloadAssembly (111ms)
			ExecutionOrderSort (0ms)
			DisableScriptedObjects (4ms)
			BackupInstance (0ms)
			ReleaseScriptingObjects (0ms)
			CreateAndSetChildDomain (35ms)
		EndReloadAssembly (638ms)
			LoadAssemblies (80ms)
			RebuildTransferFunctionScriptingTraits (0ms)
			SetupTypeCache (216ms)
			ReleaseScriptCaches (1ms)
			RebuildScriptCaches (29ms)
			SetupLoadedEditorAssemblies (249ms)
				LogAssemblyErrors (0ms)
				InitializePlatformSupportModulesInManaged (5ms)
				SetLoadedEditorAssemblies (0ms)
				RefreshPlugins (0ms)
				BeforeProcessingInitializeOnLoad (66ms)
				ProcessInitializeOnLoadAttributes (166ms)
				ProcessInitializeOnLoadMethodAttributes (8ms)
				AfterProcessingInitializeOnLoad (3ms)
				EditorAssembliesLoaded (0ms)
			ExecutionOrderSort2 (0ms)
			AwakeInstancesAfterBackupRestoration (6ms)
Platform modules already initialized, skipping
Refreshing native plugins compatible for Editor in 0.53 ms, found 2 plugins.
Preloading 0 native plugins for Editor in 0.00 ms.
Unloading 1494 Unused Serialized files (Serialized files now loaded: 0)
System memory in use before: 86.9 MB.
System memory in use after: 87.1 MB.

Unloading 14 unused Assets to reduce memory usage. Loaded Objects now: 1989.
Total: 3.830400 ms (FindLiveObjects: 0.249800 ms CreateObjectMapping: 0.149500 ms MarkObjects: 3.402200 ms  DeleteObjects: 0.027000 ms)

AssetImportParameters requested are different than current active one (requested -> active):
  custom:framework-win-MediaFoundation: 216162199b28c13a410421893ffa2e32 -> 
  custom:video-decoder-ogg-theora: a1e56fd34408186e4bbccfd4996cb3dc -> 
  custom:container-muxer-webm: aa71ff27fc2769a1b78a27578f13a17b -> 
  custom:container-demuxer-webm: 4f35f7cbe854078d1ac9338744f61a02 -> 
  custom:container-demuxer-ogg: 62fdf1f143b41e24485cea50d1cbac27 -> 
  custom:video-encoder-webm-vp8: eb34c28f22e8b96e1ab97ce403110664 -> 
  custom:video-decoder-webm-vp8: 9c59270c3fd7afecdb556c50c9e8de78 -> 
  custom:audio-decoder-ogg-vorbis: bf7c407c2cedff20999df2af8eb42d56 -> 
  custom:audio-encoder-webm-vorbis: bf7c407c2cedff20999df2af8eb42d56 -> 
AssetImportWorkerClient::OnTransportError - code=2 error=End of file
